[debug] [2022-11-22T19:58:59.829Z] ----------------------------------------------------------------------
[debug] [2022-11-22T19:58:59.831Z] Command:       C:\Program Files\nodejs\node.exe C:\Users\kibbi\AppData\Roaming\npm\node_modules\firebase-tools\lib\bin\firebase.js init hosting:github
[debug] [2022-11-22T19:58:59.831Z] CLI Version:   11.16.1
[debug] [2022-11-22T19:58:59.832Z] Platform:      win32
[debug] [2022-11-22T19:58:59.832Z] Node Version:  v16.18.0
[debug] [2022-11-22T19:58:59.833Z] Time:          Tue Nov 22 2022 14:58:59 GMT-0500 (Eastern Standard Time)
[debug] [2022-11-22T19:58:59.833Z] ----------------------------------------------------------------------
[debug] 
[debug] [2022-11-22T19:58:59.895Z] > command requires scopes: ["email","openid","https://www.googleapis.com/auth/cloudplatformprojects.readonly","https://www.googleapis.com/auth/firebase","https://www.googleapis.com/auth/cloud-platform"]
[debug] [2022-11-22T19:58:59.896Z] > authorizing via signed-in user (jordankhalil0@gmail.com)
[info] 
     ######## #### ########  ######## ########     ###     ######  ########
     ##        ##  ##     ## ##       ##     ##  ##   ##  ##       ##
     ######    ##  ########  ######   ########  #########  ######  ######
     ##        ##  ##    ##  ##       ##     ## ##     ##       ## ##
     ##       #### ##     ## ######## ########  ##     ##  ######  ########

You're about to initialize a Firebase project in this directory:

  C:\Users\kibbi\Desktop\personal\Unit9\03-shoutouts\frontend

Before we get started, keep in mind:

  * You are initializing within an existing Firebase project directory

[info] 
=== Project Setup
[info] 
[info] First, let's associate this project directory with a Firebase project.
[info] You can create multiple project aliases by running firebase use --add, 
[info] but for now we'll just set up a default project.
[info] 
[debug] [2022-11-22T19:59:17.838Z] Using project from CLI flag: shoutouts-7a362
[debug] [2022-11-22T19:59:17.841Z] >>> [apiv2][query] GET https://firebase.googleapis.com/v1beta1/projects/shoutouts-7a362 [none]
[debug] [2022-11-22T19:59:18.072Z] <<< [apiv2][status] GET https://firebase.googleapis.com/v1beta1/projects/shoutouts-7a362 200
[debug] [2022-11-22T19:59:18.073Z] <<< [apiv2][body] GET https://firebase.googleapis.com/v1beta1/projects/shoutouts-7a362 {"projectId":"shoutouts-7a362","projectNumber":"410533165812","displayName":"shoutouts","name":"projects/shoutouts-7a362","resources":{"hostingSite":"shoutouts-7a362","storageBucket":"shoutouts-7a362.appspot.com","locationId":"us-central"},"state":"ACTIVE","etag":"1_c6af23ec-2147-4e23-8cc2-c35de5e53ca8"}
[info] i  Using project shoutouts-7a362 (shoutouts) 
[info] 
=== Hosting:github Setup
[info] 
[info] i  Detected a .git folder at C:\Users\kibbi\Desktop\personal\Unit9\03-shoutouts\frontend 
[info] i  Authorizing with GitHub to upload your service account to a GitHub repository's secrets store. 
[info] 
[info] Visit this URL on this device to log in:
[info] https://github.com/login/oauth/authorize?client_id=89cf50f02ac6aaed3484&state=931972408&redirect_uri=http%3A%2F%2Flocalhost%3A9005&scope=read%3Auser%20repo%20public_repo
[info] 
[info] Waiting for authentication...
